<?xml version="1.0" encoding="UTF-8"?>
<testng-results skipped="0" failed="0" ignored="0" total="1" passed="1">
  <reporter-output>
  </reporter-output>
  <suite name="Default suite" duration-ms="41029" started-at="2019-02-15T02:12:13Z" finished-at="2019-02-15T02:12:54Z">
    <groups>
      <group name="cucumber">
        <method signature="AbstractTestNGCucumberTests.feature(cucumber.api.testng.CucumberFeatureWrapper)[pri:0, instance:com.selogerMobile.e2eTests.RunTest@3159c4b8]" name="feature" class="cucumber.api.testng.AbstractTestNGCucumberTests"/>
      </group> <!-- cucumber -->
    </groups>
    <test name="Default test" duration-ms="41029" started-at="2019-02-15T02:12:13Z" finished-at="2019-02-15T02:12:54Z">
      <class name="com.selogerMobile.e2eTests.RunTest">
        <test-method status="PASS" signature="setUpClass()[pri:0, instance:com.selogerMobile.e2eTests.RunTest@3159c4b8]" name="setUpClass" is-config="true" duration-ms="554" started-at="2019-02-15T03:12:13Z" finished-at="2019-02-15T03:12:13Z">
          <reporter-output>
          </reporter-output>
        </test-method> <!-- setUpClass -->
        <test-method status="PASS" signature="feature(cucumber.api.testng.CucumberFeatureWrapper)[pri:0, instance:com.selogerMobile.e2eTests.RunTest@3159c4b8]" name="feature" duration-ms="38413" started-at="2019-02-15T03:12:14Z" description="Runs Cucumber Feature" data-provider="features" finished-at="2019-02-15T03:12:52Z">
          <params>
            <param index="0">
              <value>
                <![CDATA[Seloger Mobile - Accueil]]>
              </value>
            </param>
          </params>
          <reporter-output>
          </reporter-output>
        </test-method> <!-- feature -->
        <test-method status="PASS" signature="writeExtentReport()[pri:0, instance:com.selogerMobile.e2eTests.RunTest@3159c4b8]" name="writeExtentReport" is-config="true" duration-ms="502" started-at="2019-02-15T03:12:52Z" finished-at="2019-02-15T03:12:53Z">
          <reporter-output>
          </reporter-output>
        </test-method> <!-- writeExtentReport -->
        <test-method status="PASS" signature="tearDownClass()[pri:0, instance:com.selogerMobile.e2eTests.RunTest@3159c4b8]" name="tearDownClass" is-config="true" duration-ms="1261" started-at="2019-02-15T03:12:53Z" finished-at="2019-02-15T03:12:54Z">
          <reporter-output>
          </reporter-output>
        </test-method> <!-- tearDownClass -->
      </class> <!-- com.selogerMobile.e2eTests.RunTest -->
    </test> <!-- Default test -->
  </suite> <!-- Default suite -->
</testng-results>
